<?xml version="1.0" encoding="UTF-8"?>
<!-- Generated by org.testng.reporters.JUnitXMLReporter -->
<testsuite ignored="0" hostname="DESKTOP-0VFKJ10" failures="1" tests="1" name="Surefire test" time="2.099" errors="0" timestamp="2026-06-07T07:03:38 PDT">
  <testcase classname="io.cucumber.testng.AbstractTestNGCucumberTests" name="runScenario" time="0.226">
    <failure type="java.io.FileNotFoundException" message="C:\Users\shash.HACHIDORILAP020\eclipse-workspace\SeleniumFrameWorkDesign\src\main\java\sivamani\resources\GlobalData.properties (The system cannot find the path specified)">
      <![CDATA[java.io.FileNotFoundException: C:\Users\shash.HACHIDORILAP020\eclipse-workspace\SeleniumFrameWorkDesign\src\main\java\sivamani\resources\GlobalData.properties (The system cannot find the path specified)
at java.base/java.io.FileInputStream.open0(Native Method)
at java.base/java.io.FileInputStream.open(FileInputStream.java:213)
at java.base/java.io.FileInputStream.<init>(FileInputStream.java:152)
at java.base/java.io.FileInputStream.<init>(FileInputStream.java:106)
at selenium.TestComponents.BaseTest.initializeDriver(BaseTest.java:49)
at selenium.TestComponents.BaseTest.launchApplication(BaseTest.java:108)
at selenium.stepDefinition.StepDefinitionsImpli.i_land_on_ecommerce_page(StepDefinitionsImpli.java:26)
at ✽.I land on Ecommerce Page(file:///C:/Users/ADMIN/eclipse-workspace/SeleniumFrameWorkDesign/src/test/java/cucumber/ErrorValidations.feature:7)
]]>
    </failure>
  </testcase> <!-- runScenario -->
</testsuite> <!-- Surefire test -->
