<?xml version="1.0" encoding="UTF-8"?>
<!-- Generated by org.testng.reporters.JUnitXMLReporter -->
<testsuite ignored="0" hostname="HachidoriLap020" failures="0" tests="2" name="ErrorValidation" time="154.862" errors="0" timestamp="2026-03-04T05:13:40 IST">
  <testcase classname="selenium.tests.C168_ErrorValidation" name="LonginError" time="0.0">
    <skipped/>
  </testcase> <!-- LonginError -->
  <testcase classname="selenium.tests.C168_ErrorValidation" name="submit" time="0.0">
    <skipped/>
  </testcase> <!-- submit -->
</testsuite> <!-- ErrorValidation -->
