<?xml version="1.0" encoding="UTF-8"?>
<testng-results ignored="0" total="1" passed="0" failed="1" skipped="0">
  <reporter-output>
  </reporter-output>
  <suite started-at="2026-06-07T07:03:36 PDT" name="Surefire suite" finished-at="2026-06-07T07:03:38 PDT" duration-ms="2099">
    <groups>
      <group name="cucumber">
        <method signature="AbstractTestNGCucumberTests.runScenario(io.cucumber.testng.PickleWrapper,io.cucumber.testng.FeatureWrapper)[pri:0, instance:cucumber.TestNGTestRunner@15ff3e9e]" name="runScenario" class="io.cucumber.testng.AbstractTestNGCucumberTests"/>
      </group> <!-- cucumber -->
    </groups>
    <test started-at="2026-06-07T07:03:36 PDT" name="Surefire test" finished-at="2026-06-07T07:03:38 PDT" duration-ms="2099">
      <class name="cucumber.TestNGTestRunner">
        <test-method is-config="true" signature="setUpClass(org.testng.ITestContext)[pri:0, instance:cucumber.TestNGTestRunner@15ff3e9e]" started-at="2026-06-07T07:03:36 PDT" name="setUpClass" finished-at="2026-06-07T07:03:37 PDT" duration-ms="1705" status="PASS">
          <params>
            <param index="0">
              <value>
                <![CDATA[org.testng.TestRunner@54107f42]]>
              </value>
            </param>
          </params>
          <reporter-output>
          </reporter-output>
        </test-method> <!-- setUpClass -->
        <test-method signature="runScenario(io.cucumber.testng.PickleWrapper,io.cucumber.testng.FeatureWrapper)[pri:0, instance:cucumber.TestNGTestRunner@15ff3e9e]" started-at="2026-06-07T07:03:37 PDT" name="runScenario" description="Runs Cucumber Scenarios" data-provider="scenarios" finished-at="2026-06-07T07:03:38 PDT" duration-ms="226" status="FAIL">
          <params>
            <param index="0">
              <value>
                <![CDATA["Positive Test of Submitting the order"]]>
              </value>
            </param>
            <param index="1">
              <value>
                <![CDATA["Purchase Error Validation"]]>
              </value>
            </param>
          </params>
          <exception class="java.io.FileNotFoundException">
            <message>
              <![CDATA[C:\Users\shash.HACHIDORILAP020\eclipse-workspace\SeleniumFrameWorkDesign\src\main\java\sivamani\resources\GlobalData.properties (The system cannot find the path specified)]]>
            </message>
            <full-stacktrace>
              <![CDATA[java.io.FileNotFoundException: C:\Users\shash.HACHIDORILAP020\eclipse-workspace\SeleniumFrameWorkDesign\src\main\java\sivamani\resources\GlobalData.properties (The system cannot find the path specified)
at java.base/java.io.FileInputStream.open0(Native Method)
at java.base/java.io.FileInputStream.open(FileInputStream.java:213)
at java.base/java.io.FileInputStream.<init>(FileInputStream.java:152)
at java.base/java.io.FileInputStream.<init>(FileInputStream.java:106)
at selenium.TestComponents.BaseTest.initializeDriver(BaseTest.java:49)
at selenium.TestComponents.BaseTest.launchApplication(BaseTest.java:108)
at selenium.stepDefinition.StepDefinitionsImpli.i_land_on_ecommerce_page(StepDefinitionsImpli.java:26)
at ✽.I land on Ecommerce Page(file:///C:/Users/ADMIN/eclipse-workspace/SeleniumFrameWorkDesign/src/test/java/cucumber/ErrorValidations.feature:7)
]]>
            </full-stacktrace>
          </exception> <!-- java.io.FileNotFoundException -->
          <reporter-output>
          </reporter-output>
        </test-method> <!-- runScenario -->
        <test-method is-config="true" signature="tearDownClass()[pri:0, instance:cucumber.TestNGTestRunner@15ff3e9e]" started-at="2026-06-07T07:03:38 PDT" name="tearDownClass" finished-at="2026-06-07T07:03:38 PDT" duration-ms="35" status="PASS">
          <reporter-output>
          </reporter-output>
        </test-method> <!-- tearDownClass -->
      </class> <!-- cucumber.TestNGTestRunner -->
    </test> <!-- Surefire test -->
  </suite> <!-- Surefire suite -->
</testng-results>
