<?xml version="1.0" encoding="UTF-8"?>
<testsuite xmlns:xsi="http://www.w3.org/2001/XMLSchema-instance" xsi:noNamespaceSchemaLocation="https://maven.apache.org/surefire/maven-surefire-plugin/xsd/surefire-test-report.xsd" version="3.0.1" name="TestSuite" time="3.288" tests="1" errors="0" skipped="0" failures="1">
  <properties>
[...]
</properties>
  <testcase name="runScenario[&quot;Positive Test of Submitting the order&quot;, &quot;Purchase Error Validation&quot;](1)" classname="cucumber.TestNGTestRunner" time="0.237">
    <failure message="C:\Users\shash.HACHIDORILAP020\eclipse-workspace\SeleniumFrameWorkDesign\src\main\java\sivamani\resources\GlobalData.properties (The system cannot find the path specified)" type="java.io.FileNotFoundException"><![CDATA[java.io.FileNotFoundException: C:\Users\shash.HACHIDORILAP020\eclipse-workspace\SeleniumFrameWorkDesign\src\main\java\sivamani\resources\GlobalData.properties (The system cannot find the path specified)
	at java.base/java.io.FileInputStream.open0(Native Method)
	at java.base/java.io.FileInputStream.open(FileInputStream.java:213)
	at java.base/java.io.FileInputStream.<init>(FileInputStream.java:152)
	at java.base/java.io.FileInputStream.<init>(FileInputStream.java:106)
	at selenium.TestComponents.BaseTest.initializeDriver(BaseTest.java:49)
	at selenium.TestComponents.BaseTest.launchApplication(BaseTest.java:108)
	at selenium.stepDefinition.StepDefinitionsImpli.i_land_on_ecommerce_page(StepDefinitionsImpli.java:26)
	at ✽.I land on Ecommerce Page(file:///C:/Users/ADMIN/eclipse-workspace/SeleniumFrameWorkDesign/src/test/java/cucumber/ErrorValidations.feature:7)
]]></failure>
    <system-err><![CDATA[SLF4J(W): No SLF4J providers were found.
SLF4J(W): Defaulting to no-operation (NOP) logger implementation
SLF4J(W): See https://www.slf4j.org/codes.html#noProviders for further details.
]]></system-err>
  </testcase>
</testsuite>