<?xml version="1.0" encoding="UTF-8"?>
<!-- Generated by org.testng.reporters.JUnitReportReporter -->
<testsuite hostname="HachidoriLap020" failures="0" tests="1" name="cucumbar.TestNGTestRunner" time="0.135" errors="1" timestamp="2026-03-13T07:48:58 IST" skipped="0">
  <testcase classname="cucumbar.TestNGTestRunner" name="runScenario" time="0.135">
    <error message="The step &#039;I land on Ecommerce Page&#039; and 1 other step(s) are undefined.
You can implement these steps using the snippet(s) below:

@Given(&quot;I land on Ecommerce Page&quot;)
public void i_land_on_ecommerce_page() {
    // Write code here that turns the phrase above into concrete actions
    throw new io.cucumber.java.PendingException();
}
@When(&quot;Checkout ZARA COAT {int} to Cart&quot;)
public void checkout_zara_coat_to_cart(Integer int1) {
    // Write code here that turns the phrase above into concrete actions
    throw new io.cucumber.java.PendingException();
}
" type="io.cucumber.testng.UndefinedStepException">
      <![CDATA[io.cucumber.testng.UndefinedStepException: The step 'I land on Ecommerce Page' and 1 other step(s) are undefined.
You can implement these steps using the snippet(s) below:

@Given("I land on Ecommerce Page")
public void i_land_on_ecommerce_page() {
    // Write code here that turns the phrase above into concrete actions
    throw new io.cucumber.java.PendingException();
}
@When("Checkout ZARA COAT {int} to Cart")
public void checkout_zara_coat_to_cart(Integer int1) {
    // Write code here that turns the phrase above into concrete actions
    throw new io.cucumber.java.PendingException();
}

at ✽.I land on Ecommerce Page(file:///C:/Users/shash.HACHIDORILAP020/eclipse-workspace/SeleniumFrameWorkDesign/src/test/java/cucumbar/submitOrder.feature:5)
]]>
    </error>
  </testcase> <!-- runScenario -->
</testsuite> <!-- cucumbar.TestNGTestRunner -->
