<?xml version="1.0" encoding="UTF-8"?>
<!-- Generated by org.testng.reporters.JUnitReportReporter -->
<testsuite hostname="HachidoriLap020" failures="0" tests="2" name="selenium.tests.C168_ErrorValidation" time="46.829" errors="0" timestamp="2026-03-15T13:45:07 IST" skipped="0">
  <testcase classname="selenium.tests.C168_ErrorValidation" name="LonginError" time="18.215"/>
  <testcase classname="selenium.tests.C168_ErrorValidation" name="submit" time="28.614"/>
</testsuite> <!-- selenium.tests.C168_ErrorValidation -->
