<?xml version="1.0" encoding="UTF-8"?>
<!-- Generated by org.testng.reporters.JUnitReportReporter -->
<testsuite hostname="DESKTOP-0VFKJ10" failures="0" tests="1" name="cucumber.TestNGTestRunner" time="0.226" errors="1" timestamp="2026-06-07T07:03:38 PDT" skipped="0">
  <testcase classname="cucumber.TestNGTestRunner" name="runScenario" time="0.226">
    <error message="C:\Users\shash.HACHIDORILAP020\eclipse-workspace\SeleniumFrameWorkDesign\src\main\java\sivamani\resources\GlobalData.properties (The system cannot find the path specified)" type="java.io.FileNotFoundException">
      <![CDATA[java.io.FileNotFoundException: C:\Users\shash.HACHIDORILAP020\eclipse-workspace\SeleniumFrameWorkDesign\src\main\java\sivamani\resources\GlobalData.properties (The system cannot find the path specified)
at java.base/java.io.FileInputStream.open0(Native Method)
at java.base/java.io.FileInputStream.open(FileInputStream.java:213)
at java.base/java.io.FileInputStream.<init>(FileInputStream.java:152)
at java.base/java.io.FileInputStream.<init>(FileInputStream.java:106)
at selenium.TestComponents.BaseTest.initializeDriver(BaseTest.java:49)
at selenium.TestComponents.BaseTest.launchApplication(BaseTest.java:108)
at selenium.stepDefinition.StepDefinitionsImpli.i_land_on_ecommerce_page(StepDefinitionsImpli.java:26)
at ✽.I land on Ecommerce Page(file:///C:/Users/ADMIN/eclipse-workspace/SeleniumFrameWorkDesign/src/test/java/cucumber/ErrorValidations.feature:7)
]]>
    </error>
  </testcase> <!-- runScenario -->
</testsuite> <!-- cucumber.TestNGTestRunner -->
